生成启动时间为 2016/12/28 8:36:57。
     1>项目“D:\compiler\compiler\compiler.vcxproj”在节点 2 上(Build 个目标)。
     1>ClCompile:
         G:\VS2013\VC\bin\CL.exe /c /ZI /nologo /W3 /WX- /sdl /Od /Oy- /D _MBCS /D _MBCS /D YYDEBUG /D _CRT_SECURE_NO_DEPRECATE /Gm /EHsc /RTC1 /MTd /GS /fp:precise /Zc:wchar_t /Zc:forScope /Fo"Debug\\" /Fd"Debug\vc120.pdb" /FR"Debug\\" /Gd /TC /analyze- /errorReport:prompt genCode.c
         genCode.c
       Link:
         G:\VS2013\VC\bin\link.exe /ERRORREPORT:PROMPT /OUT:"D:\compiler\Debug\compiler.exe" /INCREMENTAL /NOLOGO ylmtd.lib /MANIFEST /MANIFESTUAC:"level='asInvoker' uiAccess='false'" /manifest:embed /DEBUG /PDB:"D:\compiler\Debug\compiler.pdb" /TLBID:1 /DYNAMICBASE /NXCOMPAT /IMPLIB:"D:\compiler\Debug\compiler.lib" /MACHINE:X86 /FORCE Debug\genCode.obj
         Debug\SymTab.obj
         Debug\test.obj
         Debug\TreeNode.obj
         Debug\_lexer.obj
         Debug\_parser.obj
     1>LINK : warning LNK4075: 忽略“/INCREMENTAL”(由于“/FORCE”规范)
     1>genCode.obj : warning LNK4075: 忽略“/EDITANDCONTINUE”(由于“/OPT:LBR”规范)
     1>SymTab.obj : warning LNK4006: _temp_var_seq 已在 genCode.obj 中定义；已忽略第二个定义
     1>SymTab.obj : warning LNK4006: _symbol_table 已在 genCode.obj 中定义；已忽略第二个定义
     1>test.obj : warning LNK4006: _printReOp 已在 genCode.obj 中定义；已忽略第二个定义
     1>test.obj : warning LNK4006: _temp_var_seq 已在 genCode.obj 中定义；已忽略第二个定义
     1>test.obj : warning LNK4006: _symbol_table 已在 genCode.obj 中定义；已忽略第二个定义
     1>TreeNode.obj : warning LNK4006: _temp_var_seq 已在 genCode.obj 中定义；已忽略第二个定义
     1>TreeNode.obj : warning LNK4006: _symbol_table 已在 genCode.obj 中定义；已忽略第二个定义
     1>_lexer.obj : warning LNK4006: _temp_var_seq 已在 genCode.obj 中定义；已忽略第二个定义
     1>_lexer.obj : warning LNK4006: _symbol_table 已在 genCode.obj 中定义；已忽略第二个定义
     1>_parser.obj : warning LNK4006: _temp_var_seq 已在 genCode.obj 中定义；已忽略第二个定义
     1>_parser.obj : warning LNK4006: _symbol_table 已在 genCode.obj 中定义；已忽略第二个定义
     1>D:\compiler\Debug\compiler.exe : warning LNK4088: 因 /FORCE 选项生成了映像；映像可能不能运行
         compiler.vcxproj -> D:\compiler\Debug\compiler.exe
       BscMake:
         G:\VS2013\VC\bin\bscmake.exe /nologo /o"D:\compiler\Debug\compiler.bsc" /n Debug\genCode.sbr Debug\SymTab.sbr Debug\test.sbr Debug\TreeNode.sbr Debug\_lexer.sbr Debug\_parser.sbr
     1>已完成生成项目“D:\compiler\compiler\compiler.vcxproj”(Build 个目标)的操作。

生成成功。

已用时间 00:00:02.81
