d:\compiler\debug\compiler.bsc
c:\users\user\desktop\玩\compiler\compiler\debug\vc120.pdb
c:\users\user\desktop\玩\compiler\compiler\debug\vc120.idb
c:\users\user\desktop\玩\compiler\compiler\debug\mylexer.obj
c:\users\user\desktop\玩\compiler\compiler\debug\myparser.obj
c:\users\user\desktop\玩\compiler\compiler\debug\prefixlex.obj
c:\users\user\desktop\玩\compiler\compiler\debug\prefixyacc.obj
d:\compiler\compiler\debug\vc120.pdb
d:\compiler\compiler\debug\vc120.idb
d:\compiler\compiler\debug\token.obj
d:\compiler\compiler\debug\tokeny.obj
d:\compiler\compiler\debug\tokenl.obj
d:\compiler\compiler\debug\parser.obj
d:\compiler\compiler\debug\lexer.obj
d:\compiler\compiler\debug\源.obj
d:\compiler\compiler\debug\treenode.obj
d:\compiler\compiler\debug\_lexer.obj
d:\compiler\compiler\debug\_parser.obj
d:\compiler\compiler\debug\_parser.sbr
d:\compiler\compiler\debug\_lexer.sbr
d:\compiler\compiler\debug\treenode.sbr
d:\compiler\compiler\debug\test.obj
d:\compiler\compiler\debug\test.sbr
c:\users\user\desktop\玩\compiler\debug\compiler.exe
c:\users\user\desktop\玩\compiler\debug\compiler.pdb
d:\compiler\debug\compiler.exe
d:\compiler\debug\compiler.pdb
d:\compiler\compiler\debug\mylexer.obj
d:\compiler\compiler\debug\myparser.obj
d:\compiler\compiler\debug\prefixlex.obj
d:\compiler\compiler\debug\prefixyacc.obj
d:\compiler\compiler\debug\compiler.tlog\bscmake.command.1.tlog
d:\compiler\compiler\debug\compiler.tlog\bscmake.read.1.tlog
d:\compiler\compiler\debug\compiler.tlog\bscmake.write.1.tlog
d:\compiler\compiler\debug\compiler.tlog\cl.command.1.tlog
d:\compiler\compiler\debug\compiler.tlog\cl.read.1.tlog
d:\compiler\compiler\debug\compiler.tlog\cl.write.1.tlog
d:\compiler\compiler\debug\compiler.tlog\link.command.1.tlog
d:\compiler\compiler\debug\compiler.tlog\link.read.1.tlog
d:\compiler\compiler\debug\compiler.tlog\link.write.1.tlog
